{"numFailedTestSuites":0,"numFailedTests":0,"numPassedTestSuites":2,"numPassedTests":54,"numPendingTestSuites":0,"numPendingTests":0,"numRuntimeErrorTestSuites":0,"numTodoTests":0,"numTotalTestSuites":2,"numTotalTests":54,"openHandles":[],"snapshot":{"added":0,"didUpdate":false,"failure":false,"filesAdded":0,"filesRemoved":0,"filesRemovedList":[],"filesUnmatched":0,"filesUpdated":0,"matched":0,"total":0,"unchecked":0,"uncheckedKeysByFile":[],"unmatched":0,"updated":0},"startTime":1776689481983,"success":true,"testResults":[{"assertionResults":[{"ancestorTitles":["el()"],"duration":3,"failing":false,"failureDetails":[],"failureMessages":[],"fullName":"el() creates an element with the correct tag","invocations":1,"location":null,"numPassingAsserts":1,"retryReasons":[],"startAt":1776689482641,"status":"passed","title":"creates an element with the correct tag"},{"ancestorTitles":["el()"],"duration":1,"failing":false,"failureDetails":[],"failureMessages":[],"fullName":"el() sets className via the 'class' attribute key","invocations":1,"location":null,"numPassingAsserts":1,"retryReasons":[],"startAt":1776689482646,"status":"passed","title":"sets className via the 'class' attribute key"},{"ancestorTitles":["el()"],"duration":1,"failing":false,"failureDetails":[],"failureMessages":[],"fullName":"el() sets arbitrary attributes","invocations":1,"location":null,"numPassingAsserts":2,"retryReasons":[],"startAt":1776689482647,"status":"passed","title":"sets arbitrary attributes"},{"ancestorTitles":["el()"],"duration":1,"failing":false,"failureDetails":[],"failureMessages":[],"fullName":"el() attaches event listeners via 'on' prefix keys","invocations":1,"location":null,"numPassingAsserts":1,"retryReasons":[],"startAt":1776689482649,"status":"passed","title":"attaches event listeners via 'on' prefix keys"},{"ancestorTitles":["el()"],"duration":1,"failing":false,"failureDetails":[],"failureMessages":[],"fullName":"el() appends string children as text nodes","invocations":1,"location":null,"numPassingAsserts":1,"retryReasons":[],"startAt":1776689482651,"status":"passed","title":"appends string children as text nodes"},{"ancestorTitles":["el()"],"duration":1,"failing":false,"failureDetails":[],"failureMessages":[],"fullName":"el() appends element children","invocations":1,"location":null,"numPassingAsserts":1,"retryReasons":[],"startAt":1776689482652,"status":"passed","title":"appends element children"},{"ancestorTitles":["el()"],"duration":1,"failing":false,"failureDetails":[],"failureMessages":[],"fullName":"el() ignores falsy children (null / undefined)","invocations":1,"location":null,"numPassingAsserts":2,"retryReasons":[],"startAt":1776689482654,"status":"passed","title":"ignores falsy children (null / undefined)"},{"ancestorTitles":["el()"],"duration":5,"failing":false,"failureDetails":[],"failureMessages":[],"fullName":"el() handles no attrs argument (null / omitted)","invocations":1,"location":null,"numPassingAsserts":2,"retryReasons":[],"startAt":1776689482657,"status":"passed","title":"handles no attrs argument (null / omitted)"},{"ancestorTitles":["mainMenu()"],"duration":2,"failing":false,"failureDetails":[],"failureMessages":[],"fullName":"mainMenu() renders a screen div","invocations":1,"location":null,"numPassingAsserts":1,"retryReasons":[],"startAt":1776689482663,"status":"passed","title":"renders a screen div"},{"ancestorTitles":["mainMenu()"],"duration":4,"failing":false,"failureDetails":[],"failureMessages":[],"fullName":"mainMenu() contains a logo image","invocations":1,"location":null,"numPassingAsserts":2,"retryReasons":[],"startAt":1776689482666,"status":"passed","title":"contains a logo image"},{"ancestorTitles":["mainMenu()"],"duration":1,"failing":false,"failureDetails":[],"failureMessages":[],"fullName":"mainMenu() contains Single Player, Multiplayer, Leaderboard, and Settings buttons","invocations":1,"location":null,"numPassingAsserts":3,"retryReasons":[],"startAt":1776689482671,"status":"passed","title":"contains Single Player, Multiplayer, Leaderboard, and Settings buttons"},{"ancestorTitles":["mainMenu()"],"duration":2,"failing":false,"failureDetails":[],"failureMessages":[],"fullName":"mainMenu() settings panel is hidden by default","invocations":1,"location":null,"numPassingAsserts":1,"retryReasons":[],"startAt":1776689482672,"status":"passed","title":"settings panel is hidden by default"},{"ancestorTitles":["mainMenu()"],"duration":3,"failing":false,"failureDetails":[],"failureMessages":[],"fullName":"mainMenu() clicking Settings opens the settings panel","invocations":1,"location":null,"numPassingAsserts":1,"retryReasons":[],"startAt":1776689482674,"status":"passed","title":"clicking Settings opens the settings panel"},{"ancestorTitles":["mainMenu()"],"duration":2,"failing":false,"failureDetails":[],"failureMessages":[],"fullName":"mainMenu() clicking Settings twice closes the panel (toggle)","invocations":1,"location":null,"numPassingAsserts":1,"retryReasons":[],"startAt":1776689482678,"status":"passed","title":"clicking Settings twice closes the panel (toggle)"},{"ancestorTitles":["mainMenu()"],"duration":2,"failing":false,"failureDetails":[],"failureMessages":[],"fullName":"mainMenu() closing the settings panel via its Close button removes it","invocations":1,"location":null,"numPassingAsserts":1,"retryReasons":[],"startAt":1776689482680,"status":"passed","title":"closing the settings panel via its Close button removes it"},{"ancestorTitles":["settingsPanel()"],"duration":1,"failing":false,"failureDetails":[],"failureMessages":[],"fullName":"settingsPanel() renders a panel with class 'settings-panel'","invocations":1,"location":null,"numPassingAsserts":1,"retryReasons":[],"startAt":1776689482683,"status":"passed","title":"renders a panel with class 'settings-panel'"},{"ancestorTitles":["settingsPanel()"],"duration":2,"failing":false,"failureDetails":[],"failureMessages":[],"fullName":"settingsPanel() contains a dark-mode checkbox input","invocations":1,"location":null,"numPassingAsserts":1,"retryReasons":[],"startAt":1776689482684,"status":"passed","title":"contains a dark-mode checkbox input"},{"ancestorTitles":["settingsPanel()"],"duration":1,"failing":false,"failureDetails":[],"failureMessages":[],"fullName":"settingsPanel() check if the checkbox is unchecked when body does not have have a 'dark' class ","invocations":1,"location":null,"numPassingAsserts":1,"retryReasons":[],"startAt":1776689482686,"status":"passed","title":"check if the checkbox is unchecked when body does not have have a 'dark' class "},{"ancestorTitles":["settingsPanel()"],"duration":1,"failing":false,"failureDetails":[],"failureMessages":[],"fullName":"settingsPanel() check if the checkbox is unchecked when body does have have a 'dark' class ","invocations":1,"location":null,"numPassingAsserts":1,"retryReasons":[],"startAt":1776689482688,"status":"passed","title":"check if the checkbox is unchecked when body does have have a 'dark' class "},{"ancestorTitles":["settingsPanel()"],"duration":1,"failing":false,"failureDetails":[],"failureMessages":[],"fullName":"settingsPanel() toggling the checkbox adds 'dark' class to body","invocations":1,"location":null,"numPassingAsserts":1,"retryReasons":[],"startAt":1776689482690,"status":"passed","title":"toggling the checkbox adds 'dark' class to body"},{"ancestorTitles":["settingsPanel()"],"duration":1,"failing":false,"failureDetails":[],"failureMessages":[],"fullName":"settingsPanel() toggling the checkbox off removes 'dark' class from body","invocations":1,"location":null,"numPassingAsserts":1,"retryReasons":[],"startAt":1776689482692,"status":"passed","title":"toggling the checkbox off removes 'dark' class from body"},{"ancestorTitles":["formatDateTime()"],"duration":1,"failing":false,"failureDetails":[],"failureMessages":[],"fullName":"formatDateTime() returns a non-empty string for a valid ISO format","invocations":1,"location":null,"numPassingAsserts":2,"retryReasons":[],"startAt":1776689482693,"status":"passed","title":"returns a non-empty string for a valid ISO format"},{"ancestorTitles":["formatDateTime()"],"duration":0,"failing":false,"failureDetails":[],"failureMessages":[],"fullName":"formatDateTime() returns an unkown date for invalid string","invocations":1,"location":null,"numPassingAsserts":1,"retryReasons":[],"startAt":1776689482695,"status":"passed","title":"returns an unkown date for invalid string"},{"ancestorTitles":["formatDuration()"],"duration":0,"failing":false,"failureDetails":[],"failureMessages":[],"fullName":"formatDuration() format seconds under 1 minute as Xs","invocations":1,"location":null,"numPassingAsserts":1,"retryReasons":[],"startAt":1776689482696,"status":"passed","title":"format seconds under 1 minute as Xs"},{"ancestorTitles":["formatDuration()"],"duration":0,"failing":false,"failureDetails":[],"failureMessages":[],"fullName":"formatDuration() format seconds exactly as 60 minute as Xs","invocations":1,"location":null,"numPassingAsserts":1,"retryReasons":[],"startAt":1776689482697,"status":"passed","title":"format seconds exactly as 60 minute as Xs"},{"ancestorTitles":["formatDuration()"],"duration":0,"failing":false,"failureDetails":[],"failureMessages":[],"fullName":"formatDuration() format seconds as 1m 30s","invocations":1,"location":null,"numPassingAsserts":1,"retryReasons":[],"startAt":1776689482698,"status":"passed","title":"format seconds as 1m 30s"},{"ancestorTitles":["formatDuration()"],"duration":0,"failing":false,"failureDetails":[],"failureMessages":[],"fullName":"formatDuration() handles negatives numbers gracefully","invocations":1,"location":null,"numPassingAsserts":1,"retryReasons":[],"startAt":1776689482699,"status":"passed","title":"handles negatives numbers gracefully"},{"ancestorTitles":["resultsScreen()"],"duration":1,"failing":false,"failureDetails":[],"failureMessages":[],"fullName":"resultsScreen() renderes a div result screen","invocations":1,"location":null,"numPassingAsserts":1,"retryReasons":[],"startAt":1776689482700,"status":"passed","title":"renderes a div result screen"},{"ancestorTitles":["resultsScreen()"],"duration":1,"failing":false,"failureDetails":[],"failureMessages":[],"fullName":"resultsScreen() Shows 'Round Over!' heading","invocations":1,"location":null,"numPassingAsserts":1,"retryReasons":[],"startAt":1776689482702,"status":"passed","title":"Shows 'Round Over!' heading"},{"ancestorTitles":["resultsScreen()"],"duration":1,"failing":false,"failureDetails":[],"failureMessages":[],"fullName":"resultsScreen() Shows the correct round number","invocations":1,"location":null,"numPassingAsserts":1,"retryReasons":[],"startAt":1776689482703,"status":"passed","title":"Shows the correct round number"},{"ancestorTitles":["resultsScreen()"],"duration":3,"failing":false,"failureDetails":[],"failureMessages":[],"fullName":"resultsScreen() Shows the prompt text on results screen","invocations":1,"location":null,"numPassingAsserts":1,"retryReasons":[],"startAt":1776689482708,"status":"passed","title":"Shows the prompt text on results screen"},{"ancestorTitles":["resultsScreen()"],"duration":3,"failing":false,"failureDetails":[],"failureMessages":[],"fullName":"resultsScreen() Exit button returns to the menu","invocations":1,"location":null,"numPassingAsserts":2,"retryReasons":[],"startAt":1776689482712,"status":"passed","title":"Exit button returns to the menu"},{"ancestorTitles":["resultsScreen()"],"duration":3,"failing":false,"failureDetails":[],"failureMessages":[],"fullName":"resultsScreen() Next round button introduces launches the countdown","invocations":1,"location":null,"numPassingAsserts":0,"retryReasons":[],"startAt":1776689482715,"status":"passed","title":"Next round button introduces launches the countdown"},{"ancestorTitles":["loadHistoryEntries()"],"duration":1,"failing":false,"failureDetails":[],"failureMessages":[],"fullName":"loadHistoryEntries() returns an empty array when the local storage is empty","invocations":1,"location":null,"numPassingAsserts":1,"retryReasons":[],"startAt":1776689482719,"status":"passed","title":"returns an empty array when the local storage is empty"},{"ancestorTitles":["loadHistoryEntries()","saveHistoryEntry()"],"duration":0,"failing":false,"failureDetails":[],"failureMessages":[],"fullName":"loadHistoryEntries() saveHistoryEntry() saves an entry on top of the list","invocations":1,"location":null,"numPassingAsserts":1,"retryReasons":[],"startAt":1776689482721,"status":"passed","title":"saves an entry on top of the list"},{"ancestorTitles":["loadHistoryEntries()"],"duration":1,"failing":false,"failureDetails":[],"failureMessages":[],"fullName":"loadHistoryEntries() trims list to 40 entries max","invocations":1,"location":null,"numPassingAsserts":1,"retryReasons":[],"startAt":1776689482722,"status":"passed","title":"trims list to 40 entries max"},{"ancestorTitles":["clearHistoryEntries()"],"duration":0,"failing":false,"failureDetails":[],"failureMessages":[],"fullName":"clearHistoryEntries() removes all saved data","invocations":1,"location":null,"numPassingAsserts":1,"retryReasons":[],"startAt":1776689482724,"status":"passed","title":"removes all saved data"},{"ancestorTitles":["countdownTImer()"],"duration":0,"failing":false,"failureDetails":[],"failureMessages":[],"fullName":"countdownTImer() renders the countdown screen","invocations":1,"location":null,"numPassingAsserts":1,"retryReasons":[],"startAt":1776689482725,"status":"passed","title":"renders the countdown screen"},{"ancestorTitles":["countdownTImer()"],"duration":20,"failing":false,"failureDetails":[],"failureMessages":[],"fullName":"countdownTImer() Does not call ondone after the full sequence","invocations":1,"location":null,"numPassingAsserts":1,"retryReasons":[],"startAt":1776689482726,"status":"passed","title":"Does not call ondone after the full sequence"},{"ancestorTitles":["countdownTImer()"],"duration":5,"failing":false,"failureDetails":[],"failureMessages":[],"fullName":"countdownTImer() Tapping the screen causes a pause state","invocations":1,"location":null,"numPassingAsserts":1,"retryReasons":[],"startAt":1776689482748,"status":"passed","title":"Tapping the screen causes a pause state"}],"endTime":1776689482755,"message":"","name":"C:\\Users\\danie\\Downloads\\QuarkSketch\\Testing Suite\\test\\testingquark.test.js","startTime":1776689482476,"status":"passed","summary":""},{"assertionResults":[{"ancestorTitles":["UI — Drawing Screen Layout"],"duration":10,"failing":false,"failureDetails":[],"failureMessages":[],"fullName":"UI — Drawing Screen Layout canvas is present","invocations":1,"location":null,"numPassingAsserts":1,"retryReasons":[],"startAt":1776689482810,"status":"passed","title":"canvas is present"},{"ancestorTitles":["UI — Drawing Screen Layout"],"duration":3,"failing":false,"failureDetails":[],"failureMessages":[],"fullName":"UI — Drawing Screen Layout timer starts at 30 seconds","invocations":1,"location":null,"numPassingAsserts":1,"retryReasons":[],"startAt":1776689482821,"status":"passed","title":"timer starts at 30 seconds"},{"ancestorTitles":["UI — Drawing Screen Layout"],"duration":3,"failing":false,"failureDetails":[],"failureMessages":[],"fullName":"UI — Drawing Screen Layout round badge shows the correct round number","invocations":1,"location":null,"numPassingAsserts":1,"retryReasons":[],"startAt":1776689482825,"status":"passed","title":"round badge shows the correct round number"},{"ancestorTitles":["UI — Drawing Screen Layout"],"duration":4,"failing":false,"failureDetails":[],"failureMessages":[],"fullName":"UI — Drawing Screen Layout all tool buttons are in the sidebar","invocations":1,"location":null,"numPassingAsserts":5,"retryReasons":[],"startAt":1776689482829,"status":"passed","title":"all tool buttons are in the sidebar"},{"ancestorTitles":["UI — Drawing Screen Layout"],"duration":3,"failing":false,"failureDetails":[],"failureMessages":[],"fullName":"UI — Drawing Screen Layout submit button is present and enabled","invocations":1,"location":null,"numPassingAsserts":2,"retryReasons":[],"startAt":1776689482834,"status":"passed","title":"submit button is present and enabled"},{"ancestorTitles":["UI — Drawing Screen Layout"],"duration":2,"failing":false,"failureDetails":[],"failureMessages":[],"fullName":"UI — Drawing Screen Layout back button is present","invocations":1,"location":null,"numPassingAsserts":1,"retryReasons":[],"startAt":1776689482837,"status":"passed","title":"back button is present"},{"ancestorTitles":["UI — Drawing Screen Tools Layout"],"duration":2,"failing":false,"failureDetails":[],"failureMessages":[],"fullName":"UI — Drawing Screen Tools Layout color panel is hidden on load","invocations":1,"location":null,"numPassingAsserts":1,"retryReasons":[],"startAt":1776689482840,"status":"passed","title":"color panel is hidden on load"},{"ancestorTitles":["UI — Drawing Screen Tools Layout"],"duration":2,"failing":false,"failureDetails":[],"failureMessages":[],"fullName":"UI — Drawing Screen Tools Layout clicking the marker color again closes the color panel","invocations":1,"location":null,"numPassingAsserts":1,"retryReasons":[],"startAt":1776689482843,"status":"passed","title":"clicking the marker color again closes the color panel"},{"ancestorTitles":["UI — Drawing Screen Tools Layout"],"duration":3,"failing":false,"failureDetails":[],"failureMessages":[],"fullName":"UI — Drawing Screen Tools Layout clicking the marker color opens the color panel","invocations":1,"location":null,"numPassingAsserts":1,"retryReasons":[],"startAt":1776689482846,"status":"passed","title":"clicking the marker color opens the color panel"},{"ancestorTitles":["UI — Drawing Screen Tools Layout"],"duration":2,"failing":false,"failureDetails":[],"failureMessages":[],"fullName":"UI — Drawing Screen Tools Layout selecting the color closes the panel and updates the choosen color","invocations":1,"location":null,"numPassingAsserts":2,"retryReasons":[],"startAt":1776689482850,"status":"passed","title":"selecting the color closes the panel and updates the choosen color"},{"ancestorTitles":["UI — Drawing Screen Tools Layout"],"duration":1,"failing":false,"failureDetails":[],"failureMessages":[],"fullName":"UI — Drawing Screen Tools Layout clicking the eraser activates erasing mode","invocations":1,"location":null,"numPassingAsserts":3,"retryReasons":[],"startAt":1776689482854,"status":"passed","title":"clicking the eraser activates erasing mode"},{"ancestorTitles":["UI — Drawing Screen Tools Layout"],"duration":2,"failing":false,"failureDetails":[],"failureMessages":[],"fullName":"UI — Drawing Screen Tools Layout clicking the eraser hides the colour panel if it was open","invocations":1,"location":null,"numPassingAsserts":1,"retryReasons":[],"startAt":1776689482856,"status":"passed","title":"clicking the eraser hides the colour panel if it was open"},{"ancestorTitles":["UI — Drawing Screen Tools Layout"],"duration":6,"failing":false,"failureDetails":[],"failureMessages":[],"fullName":"UI — Drawing Screen Tools Layout the undo button moves the last stroke onto the redo stack","invocations":1,"location":null,"numPassingAsserts":2,"retryReasons":[],"startAt":1776689482859,"status":"passed","title":"the undo button moves the last stroke onto the redo stack"},{"ancestorTitles":["UI — Drawing Screen Tools Layout"],"duration":4,"failing":false,"failureDetails":[],"failureMessages":[],"fullName":"UI — Drawing Screen Tools Layout the redo button restores the undone stroke","invocations":1,"location":null,"numPassingAsserts":2,"retryReasons":[],"startAt":1776689482866,"status":"passed","title":"the redo button restores the undone stroke"}],"endTime":1776689482871,"message":"","name":"C:\\Users\\danie\\Downloads\\QuarkSketch\\Testing Suite\\test\\auto.test.js","startTime":1776689482773,"status":"passed","summary":""}],"wasInterrupted":false}
